frontend/src/components/layout/Header.tsx|Header -> ATUALIZADO
frontend/src/components/layout/LayoutPublic.tsx|Header -> ATUALIZADO
frontend/src/components/layout/Footer.tsx|Footer -> ATUALIZADO
frontend/src/components/layout/LayoutPublic.tsx|Footer -> ATUALIZADO
frontend/src/components/layout/LayoutPublic.tsx|LayoutPublic -> ATUALIZADO
frontend/src/App.tsx|LayoutPublic -> ATUALIZADO
frontend/src/components/auth/LoginForm.tsx|LoginForm -> ATUALIZADO
frontend/src/pages/Login.tsx|LoginForm -> ATUALIZADO
frontend/src/components/auth/RegisterForm.tsx|RegisterForm -> ATUALIZADO
frontend/src/pages/Register.tsx|RegisterForm -> ATUALIZADO
frontend/src/context/AuthProvider.tsx|AuthProvider -> ATUALIZADO
frontend/src/components/auth/LoginForm.tsx|AuthProvider -> ATUALIZADO
frontend/src/components/auth/RegisterForm.tsx|AuthProvider -> ATUALIZADO
frontend/src/main.tsx|AuthProvider -> ATUALIZADO
frontend/src/routes/ProtectedRoute.tsx|AuthProvider -> ATUALIZADO
frontend/src/components/layout/Footer.tsx|Todos -> ATUALIZADO
frontend/src/components/todo/TodoManager.tsx|Todos -> ATUALIZADO
frontend/src/routes/ProtectedRoute.tsx|Todos -> ATUALIZADO
frontend/src/pages/Todos.tsx|Todos -> ATUALIZADO
frontend/src/App.tsx|Todos -> ATUALIZADO
frontend/src/routes/ProtectedRoute.tsx|ProtectedRoute -> ATUALIZADO
frontend/src/App.tsx|ProtectedRoute -> ATUALIZADO
